=========================================
Global Macro Intelligence Platform
Started: Sat Jun 27 06:08:01 AM IST 2026
=========================================
Traceback (most recent call last):
  File "/home/rajat/Documents/Fred_Commodity_Yield/main.py", line 3, in <module>
    from fred_downloader import FredDownloader
  File "/home/rajat/Documents/Fred_Commodity_Yield/fred_downloader.py", line 3, in <module>
    import pandas as pd
ModuleNotFoundError: No module named 'pandas'
[main e2fbb20] Automated Update 2026-06-27 06:08
 2 files changed, 10 insertions(+)
 create mode 100644 __pycache__/fred_downloader.cpython-314.pyc
 create mode 100644 platform.log
fatal: could not read Username for 'https://github.com': No such device or address
GitHub updated.
Finished: Sat Jun 27 06:08:03 AM IST 2026
=========================================
Global Macro Intelligence Platform
Started: Sat Jun 27 06:12:01 AM IST 2026
=========================================
Traceback (most recent call last):
  File "/home/rajat/Documents/Fred_Commodity_Yield/main.py", line 3, in <module>
    from fred_downloader import FredDownloader
  File "/home/rajat/Documents/Fred_Commodity_Yield/fred_downloader.py", line 3, in <module>
    import pandas as pd
ModuleNotFoundError: No module named 'pandas'
